<?xml version="1.0" encoding="UTF-8"?>
<testsuite name="com.kodilla.stream.book.BookTestSuite" tests="2" skipped="0" failures="0" errors="0" timestamp="2018-07-17T14:18:46" hostname="DESKTOP-OLGP3DC" time="0.009">
  <properties/>
  <testcase name="testGetListUsingFor" classname="com.kodilla.stream.book.BookTestSuite" time="0.003"/>
  <testcase name="testGetListUsingIntStream" classname="com.kodilla.stream.book.BookTestSuite" time="0.006"/>
  <system-out><![CDATA[]]></system-out>
  <system-err><![CDATA[]]></system-err>
</testsuite>
